2023-03-03 17:23:15,399 INFO PERFORMANCE:|0|0|-1|-1

2023-03-03 17:28:15,409 INFO PERFORMANCE:|1|1|-1|-1

2023-03-03 17:33:15,423 INFO PERFORMANCE:|2|2|-1|-1

2023-03-03 17:38:15,428 INFO PERFORMANCE:|2|2|-1|-1

2023-03-03 17:43:15,431 INFO PERFORMANCE:|2|2|-1|-1

2023-03-03 17:48:15,447 INFO PERFORMANCE:|2|2|-1|-1

2023-03-03 17:53:15,455 INFO PERFORMANCE:|2|2|-1|-1

2023-03-03 17:58:15,468 INFO PERFORMANCE:|2|2|-1|-1

2023-03-03 18:03:15,479 INFO PERFORMANCE:|2|2|-1|-1

2023-03-03 18:08:15,490 INFO PERFORMANCE:|2|2|-1|-1

2023-03-03 18:13:15,496 INFO PERFORMANCE:|4|4|-1|-1

2023-03-03 18:18:15,501 INFO PERFORMANCE:|4|4|-1|-1

2023-03-03 18:23:15,514 INFO PERFORMANCE:|4|4|-1|-1

2023-03-03 18:28:15,529 INFO PERFORMANCE:|4|4|-1|-1

2023-03-03 18:33:15,547 INFO PERFORMANCE:|4|4|-1|-1

2023-03-03 18:38:15,558 INFO PERFORMANCE:|4|4|-1|-1

2023-03-03 18:43:15,573 INFO PERFORMANCE:|4|3|-1|-1

2023-03-03 19:12:32,855 INFO PERFORMANCE:|4|4|-1|-1

2023-03-03 19:17:32,868 INFO PERFORMANCE:|4|4|-1|-1

2023-03-03 19:22:32,881 INFO PERFORMANCE:|4|4|-1|-1

2023-03-03 19:27:32,897 INFO PERFORMANCE:|4|4|-1|-1

2023-03-03 19:32:32,904 INFO PERFORMANCE:|4|4|-1|-1

2023-03-03 19:37:32,907 INFO PERFORMANCE:|4|4|-1|-1

2023-03-03 19:42:32,916 INFO PERFORMANCE:|4|4|-1|-1

2023-03-03 19:47:32,930 INFO PERFORMANCE:|4|4|-1|-1

2023-03-03 19:52:32,937 INFO PERFORMANCE:|4|4|-1|-1

2023-03-03 19:57:32,946 INFO PERFORMANCE:|4|3|-1|-1

2023-03-03 20:02:32,948 INFO PERFORMANCE:|4|4|-1|-1

2023-03-03 20:07:32,951 INFO PERFORMANCE:|4|4|-1|-1

2023-03-03 20:12:32,961 INFO PERFORMANCE:|4|4|-1|-1

2023-03-03 20:17:32,976 INFO PERFORMANCE:|4|4|-1|-1

2023-03-03 20:22:32,986 INFO PERFORMANCE:|4|4|-1|-1

2023-03-03 20:27:32,993 INFO PERFORMANCE:|4|4|-1|-1

2023-03-03 20:32:32,996 INFO PERFORMANCE:|4|4|-1|-1

2023-03-03 20:37:33,008 INFO PERFORMANCE:|4|4|-1|-1

2023-03-03 20:42:33,017 INFO PERFORMANCE:|4|4|-1|-1

2023-03-03 20:47:33,026 INFO PERFORMANCE:|4|4|-1|-1

